<?xml version="1.0" encoding="UTF-8"?>
<!-- Generated by org.testng.reporters.JUnitReportReporter -->
<testsuite hostname="YASHWANTH" failures="0" tests="1" name="testscript.testscript1" time="4.674" errors="0" timestamp="2023-05-09T18:47:20 IST" skipped="0">
  <testcase classname="testscript.testscript1" name="test1" time="4.674"/>
  <system-out/>
</testsuite> <!-- testscript.testscript1 -->
